<?xml version="1.0" encoding="UTF-8"?>
<!-- Generated by org.testng.reporters.JUnitReportReporter -->
<testsuite hostname="5CG44563CR" name="com.test.stevia.BrowseAmazon" tests="1" failures="0" timestamp="9 Aug 2017 12:57:37 GMT" time="18,165" errors="0">
  <testcase name="enterNewInteresting" time="18,165" classname="com.test.stevia.BrowseAmazon"/>
</testsuite> <!-- com.test.stevia.BrowseAmazon -->
